2025-04-23 09:33:22 [main] INFO  com.eventhub.EventHubApplication - Starting EventHubApplication using Java 23.0.1 with PID 22848 (C:\Users\vinis\Downloads\EventHub-main\back\target\classes started by Souza in C:\Users\vinis\Downloads\EventHub-main\back)
2025-04-23 09:33:23 [main] DEBUG com.eventhub.EventHubApplication - Running with Spring Boot v3.2.3, Spring v6.1.4
2025-04-23 09:33:23 [main] INFO  com.eventhub.EventHubApplication - No active profile set, falling back to 1 default profile: "default"
2025-04-23 09:33:23 [main] WARN  o.s.b.w.s.c.AnnotationConfigServletWebServerApplicationContext - Exception encountered during context initialization - cancelling refresh attempt: org.springframework.beans.factory.support.BeanDefinitionOverrideException: Invalid bean definition with name 'customOpenAPI' defined in class path resource [com/eventhub/config/SwaggerConfig.class]: Cannot register bean definition [Root bean: class [null]; scope=; abstract=false; lazyInit=null; autowireMode=3; dependencyCheck=0; autowireCandidate=true; primary=false; factoryBeanName=swaggerConfig; factoryMethodName=customOpenAPI; initMethodNames=null; destroyMethodNames=[(inferred)]; defined in class path resource [com/eventhub/config/SwaggerConfig.class]] for bean 'customOpenAPI' since there is already [Root bean: class [null]; scope=; abstract=false; lazyInit=null; autowireMode=3; dependencyCheck=0; autowireCandidate=true; primary=false; factoryBeanName=openApiConfig; factoryMethodName=customOpenAPI; initMethodNames=null; destroyMethodNames=[(inferred)]; defined in class path resource [com/eventhub/config/OpenApiConfig.class]] bound.
2025-04-23 09:33:23 [main] INFO  o.s.b.a.l.ConditionEvaluationReportLogger - 

Error starting ApplicationContext. To display the condition evaluation report re-run your application with 'debug' enabled.
2025-04-23 09:33:23 [main] ERROR o.s.b.d.LoggingFailureAnalysisReporter - 

***************************
APPLICATION FAILED TO START
***************************

Description:

The bean 'customOpenAPI', defined in class path resource [com/eventhub/config/SwaggerConfig.class], could not be registered. A bean with that name has already been defined in class path resource [com/eventhub/config/OpenApiConfig.class] and overriding is disabled.

Action:

Consider renaming one of the beans or enabling overriding by setting spring.main.allow-bean-definition-overriding=true

2025-04-23 09:36:33 [main] INFO  com.eventhub.EventHubApplication - Starting EventHubApplication using Java 23.0.1 with PID 5096 (C:\Users\vinis\Downloads\EventHub-main\back\target\classes started by Souza in C:\Users\vinis\Downloads\EventHub-main\back)
2025-04-23 09:36:33 [main] DEBUG com.eventhub.EventHubApplication - Running with Spring Boot v3.2.3, Spring v6.1.4
2025-04-23 09:36:33 [main] INFO  com.eventhub.EventHubApplication - No active profile set, falling back to 1 default profile: "default"
2025-04-23 09:36:34 [main] INFO  o.s.d.r.c.RepositoryConfigurationDelegate - Bootstrapping Spring Data JPA repositories in DEFAULT mode.
2025-04-23 09:36:34 [main] INFO  o.s.d.r.c.RepositoryConfigurationDelegate - Finished Spring Data repository scanning in 48 ms. Found 2 JPA repository interfaces.
2025-04-23 09:36:35 [main] INFO  o.s.b.w.e.tomcat.TomcatWebServer - Tomcat initialized with port 8080 (http)
2025-04-23 09:36:35 [main] INFO  o.a.catalina.core.StandardService - Starting service [Tomcat]
2025-04-23 09:36:35 [main] INFO  o.a.catalina.core.StandardEngine - Starting Servlet engine: [Apache Tomcat/10.1.19]
2025-04-23 09:36:35 [main] INFO  o.a.c.c.C.[.[localhost].[/api] - Initializing Spring embedded WebApplicationContext
2025-04-23 09:36:35 [main] INFO  o.s.b.w.s.c.ServletWebServerApplicationContext - Root WebApplicationContext: initialization completed in 1776 ms
2025-04-23 09:36:35 [main] INFO  com.zaxxer.hikari.HikariDataSource - HikariPool-1 - Starting...
2025-04-23 09:36:35 [main] INFO  com.zaxxer.hikari.pool.HikariPool - HikariPool-1 - Added connection conn0: url=jdbc:h2:mem:eventdb user=SA
2025-04-23 09:36:35 [main] INFO  com.zaxxer.hikari.HikariDataSource - HikariPool-1 - Start completed.
2025-04-23 09:36:35 [main] INFO  o.s.b.a.h.H2ConsoleAutoConfiguration - H2 console available at '/h2-console'. Database available at 'jdbc:h2:mem:eventdb'
2025-04-23 09:36:35 [main] INFO  o.h.jpa.internal.util.LogHelper - HHH000204: Processing PersistenceUnitInfo [name: default]
2025-04-23 09:36:35 [main] INFO  org.hibernate.Version - HHH000412: Hibernate ORM core version 6.4.4.Final
2025-04-23 09:36:35 [main] INFO  o.h.c.i.RegionFactoryInitiator - HHH000026: Second-level cache disabled
2025-04-23 09:36:36 [main] INFO  o.s.o.j.p.SpringPersistenceUnitInfo - No LoadTimeWeaver setup: ignoring JPA class transformer
2025-04-23 09:36:36 [main] WARN  org.hibernate.orm.deprecation - HHH90000025: H2Dialect does not need to be specified explicitly using 'hibernate.dialect' (remove the property setting and it will be selected by default)
2025-04-23 09:36:37 [main] INFO  o.h.e.t.j.p.i.JtaPlatformInitiator - HHH000489: No JTA platform available (set 'hibernate.transaction.jta.platform' to enable JTA platform integration)
2025-04-23 09:36:37 [main] INFO  o.s.o.j.LocalContainerEntityManagerFactoryBean - Initialized JPA EntityManagerFactory for persistence unit 'default'
2025-04-23 09:36:37 [main] INFO  o.s.d.j.r.query.QueryEnhancerFactory - Hibernate is in classpath; If applicable, HQL parser will be used.
2025-04-23 09:36:38 [main] WARN  o.s.b.a.o.j.JpaBaseConfiguration$JpaWebConfiguration - spring.jpa.open-in-view is enabled by default. Therefore, database queries may be performed during view rendering. Explicitly configure spring.jpa.open-in-view to disable this warning
2025-04-23 09:36:38 [main] WARN  o.s.b.a.s.s.UserDetailsServiceAutoConfiguration - 

Using generated security password: a52c7f02-84c8-4388-877f-040fcdaee721

This generated password is for development use only. Your security configuration must be updated before running your application in production.

2025-04-23 09:36:39 [main] INFO  o.s.b.a.e.web.EndpointLinksResolver - Exposing 4 endpoint(s) beneath base path '/actuator'
2025-04-23 09:36:39 [main] INFO  o.s.s.web.DefaultSecurityFilterChain - Will secure any request with [org.springframework.security.web.session.DisableEncodeUrlFilter@2d550996, org.springframework.security.web.context.request.async.WebAsyncManagerIntegrationFilter@682fec32, org.springframework.security.web.context.SecurityContextHolderFilter@2c8d537e, org.springframework.security.web.header.HeaderWriterFilter@52fe4ef2, org.springframework.web.filter.CorsFilter@3ad32e52, org.springframework.security.web.csrf.CsrfFilter@4ad3f113, org.springframework.security.web.authentication.logout.LogoutFilter@6c4d3ccc, org.springframework.security.web.authentication.UsernamePasswordAuthenticationFilter@56e7f92f, org.springframework.security.web.authentication.ui.DefaultLoginPageGeneratingFilter@76b51e5f, org.springframework.security.web.authentication.ui.DefaultLogoutPageGeneratingFilter@5f016147, org.springframework.security.web.authentication.www.BasicAuthenticationFilter@3261b8bf, org.springframework.security.web.savedrequest.RequestCacheAwareFilter@622ae2ba, org.springframework.security.web.servletapi.SecurityContextHolderAwareRequestFilter@57e3a1b8, org.springframework.security.web.authentication.AnonymousAuthenticationFilter@5a1dda88, org.springframework.security.web.access.ExceptionTranslationFilter@714f1dc4, org.springframework.security.web.access.intercept.AuthorizationFilter@6fd364a3]
2025-04-23 09:36:39 [main] INFO  o.s.b.w.e.tomcat.TomcatWebServer - Tomcat started on port 8080 (http) with context path '/api'
2025-04-23 09:36:39 [main] INFO  com.eventhub.EventHubApplication - Started EventHubApplication in 6.269 seconds (process running for 6.651)
